<?xml version="1.0" encoding="UTF-8"?>
<!-- Generated by org.testng.reporters.JUnitXMLReporter -->
<testsuite hostname="Jagadeesh2" ignored="0" name="Test" tests="12" failures="2" timestamp="2021-09-23T11:49:30 IST" time="0.453" errors="0">
  <testcase name="password" time="0.031" classname="org.features.IRetry_concept">
    <skipped/>
  </testcase> <!-- password -->
  <testcase name="password" time="0.0" classname="org.features.IRetry_concept">
    <skipped/>
  </testcase> <!-- password -->
  <testcase name="password" time="0.016" classname="org.features.IRetry_concept">
    <skipped/>
  </testcase> <!-- password -->
  <testcase name="password" time="0.032" classname="org.features.IRetry_concept">
    <skipped/>
  </testcase> <!-- password -->
  <testcase name="password" time="0.0" classname="org.features.IRetry_concept">
    <skipped/>
  </testcase> <!-- password -->
  <testcase name="password" time="0.0" classname="org.features.IRetry_concept">
    <failure type="java.lang.AssertionError" message="expected [jaga1234] but found [jaga123]">
      <![CDATA[java.lang.AssertionError: expected [jaga1234] but found [jaga123]
at org.features.IRetry_concept.password(IRetry_concept.java:38)
at java.util.ArrayList.forEach(Unknown Source)
... Removed 33 stack frames]]>
    </failure>
  </testcase> <!-- password -->
  <testcase name="username" time="0.016" classname="org.features.IRetry_concept">
    <skipped/>
  </testcase> <!-- username -->
  <testcase name="username" time="0.015" classname="org.features.IRetry_concept">
    <skipped/>
  </testcase> <!-- username -->
  <testcase name="username" time="0.0" classname="org.features.IRetry_concept">
    <skipped/>
  </testcase> <!-- username -->
  <testcase name="username" time="0.0" classname="org.features.IRetry_concept">
    <skipped/>
  </testcase> <!-- username -->
  <testcase name="username" time="0.0" classname="org.features.IRetry_concept">
    <skipped/>
  </testcase> <!-- username -->
  <testcase name="username" time="0.016" classname="org.features.IRetry_concept">
    <failure type="java.lang.AssertionError" message="expected [jaga] but found [jagadeesh]">
      <![CDATA[java.lang.AssertionError: expected [jaga] but found [jagadeesh]
at org.features.IRetry_concept.username(IRetry_concept.java:28)
at java.util.ArrayList.forEach(Unknown Source)
... Removed 33 stack frames]]>
    </failure>
  </testcase> <!-- username -->
</testsuite> <!-- Test -->
